<?xml version="1.0" encoding="UTF-8"?>
<!-- Generated by org.testng.reporters.JUnitXMLReporter -->
<testsuite ignored="0" hostname="Bhupendras-MacBook-Pro.local" failures="0" tests="13" name="Default test" time="0.064" errors="0" timestamp="2020-06-29T12:47:56 IST">
  <testcase classname="common.LaunchBrowser" name="@BeforeSuite initbrowser" time="-1.593415075896E9">
    <failure type="org.testng.TestNGException" message="
Parameter &amp;apos;browser&amp;apos; is required by BeforeSuite on method initbrowser but has not been marked @Optional or defined
in /private/var/folders/26/q_tmxqnn6vj3348y2_v7fw4h0000gn/T/testng-eclipse--413640130/testng-customsuite.xml">
      <![CDATA[org.testng.TestNGException: 
Parameter 'browser' is required by BeforeSuite on method initbrowser but has not been marked @Optional or defined
in /private/var/folders/26/q_tmxqnn6vj3348y2_v7fw4h0000gn/T/testng-eclipse--413640130/testng-customsuite.xml
at org.testng.internal.Parameters.createParams(Parameters.java:289)
at org.testng.internal.Parameters.createParametersForMethod(Parameters.java:377)
at org.testng.internal.Parameters.createParameters(Parameters.java:721)
at org.testng.internal.Parameters.createConfigurationParameters(Parameters.java:164)
at org.testng.internal.ConfigInvoker.invokeConfigurations(ConfigInvoker.java:275)
at org.testng.SuiteRunner.privateRun(SuiteRunner.java:345)
at org.testng.SuiteRunner.run(SuiteRunner.java:304)
at org.testng.SuiteRunnerWorker.runSuite(SuiteRunnerWorker.java:53)
at org.testng.SuiteRunnerWorker.run(SuiteRunnerWorker.java:96)
at org.testng.TestNG.runSuitesSequentially(TestNG.java:1180)
at org.testng.TestNG.runSuitesLocally(TestNG.java:1102)
at org.testng.TestNG.runSuites(TestNG.java:1032)
at org.testng.TestNG.run(TestNG.java:1000)
at org.testng.remote.AbstractRemoteTestNG.run(AbstractRemoteTestNG.java:115)
at org.testng.remote.RemoteTestNG.initAndRun(RemoteTestNG.java:251)
at org.testng.remote.RemoteTestNG.main(RemoteTestNG.java:77)
]]>
    </failure>
  </testcase> <!-- @BeforeSuite initbrowser -->
  <testcase classname="parkplus.Visitor" name="open_visitor_login_page" time="0.0">
    <skipped/>
  </testcase> <!-- open_visitor_login_page -->
  <testcase classname="parkplus.Visitor" name="clear_phone_text_field" time="0.0">
    <skipped/>
  </testcase> <!-- clear_phone_text_field -->
  <testcase classname="parkplus.Visitor" name="input_phone_number_in_text_field" time="0.0">
    <skipped/>
  </testcase> <!-- input_phone_number_in_text_field -->
  <testcase classname="parkplus.Visitor" name="Click_on_verify_button" time="0.0">
    <skipped/>
  </testcase> <!-- Click_on_verify_button -->
  <testcase classname="parkplus.Visitor" name="enter_otp_in_otp_boxes" time="0.0">
    <skipped/>
  </testcase> <!-- enter_otp_in_otp_boxes -->
  <testcase classname="parkplus.Visitor" name="submit_otp" time="0.0">
    <skipped/>
  </testcase> <!-- submit_otp -->
  <testcase classname="parkplus.Visitor" name="add_visitor" time="0.0">
    <skipped/>
  </testcase> <!-- add_visitor -->
  <testcase classname="parkplus.Visitor" name="accept_terms_and_conditions" time="0.0">
    <skipped/>
  </testcase> <!-- accept_terms_and_conditions -->
  <testcase classname="parkplus.Visitor" name="Confirm_terms_and_conditions_and_submit" time="0.0">
    <skipped/>
  </testcase> <!-- Confirm_terms_and_conditions_and_submit -->
  <testcase classname="parkplus.Visitor" name="read_qr_go_to_home" time="0.0">
    <skipped/>
  </testcase> <!-- read_qr_go_to_home -->
  <testcase classname="parkplus.Visitor" name="home_goto_my_bookings" time="0.0">
    <skipped/>
  </testcase> <!-- home_goto_my_bookings -->
  <testcase classname="parkplus.Visitor" name="bookings_screen_shoping_parking_tab_switch" time="0.0">
    <skipped/>
  </testcase> <!-- bookings_screen_shoping_parking_tab_switch -->
  <testcase classname="parkplus.Visitor" name="go_back_from_my_bookings_to_home_screen" time="0.0">
    <skipped/>
  </testcase> <!-- go_back_from_my_bookings_to_home_screen -->
</testsuite> <!-- Default test -->
